[debug] [2018-09-05T10:10:53.568Z] ----------------------------------------------------------------------
[debug] [2018-09-05T10:10:53.570Z] Command:       /usr/local/Cellar/node/10.0.0/bin/node /usr/local/bin/firebase deploy --only functions
[debug] [2018-09-05T10:10:53.570Z] CLI Version:   4.2.1
[debug] [2018-09-05T10:10:53.570Z] Platform:      darwin
[debug] [2018-09-05T10:10:53.570Z] Node Version:  v10.0.0
[debug] [2018-09-05T10:10:53.571Z] Time:          Wed Sep 05 2018 12:10:53 GMT+0200 (CEST)
[debug] [2018-09-05T10:10:53.571Z] ----------------------------------------------------------------------
[debug] 
[debug] [2018-09-05T10:10:53.582Z] > command requires scopes: ["email","openid","https://www.googleapis.com/auth/cloudplatformprojects.readonly","https://www.googleapis.com/auth/firebase","https://www.googleapis.com/auth/cloud-platform"]
[debug] [2018-09-05T10:10:53.582Z] > authorizing via signed-in user
[debug] [2018-09-05T10:10:53.584Z] >>> HTTP REQUEST GET https://admin.firebase.com/v1/projects/scanrun-5f26e  
 
[debug] [2018-09-05T10:10:54.387Z] <<< HTTP RESPONSE 200
[info] 
[info] === Deploying to 'scanrun-5f26e'...
[info] 
[info] i  deploying functions
[debug] [2018-09-05T10:10:56.405Z] > [functions] package.json contents: {
  "name": "functions",
  "description": "Cloud Functions for Firebase",
  "dependencies": {
    "@google-cloud/firestore": "^0.16.1",
    "@google-cloud/projectify": "^0.3.0",
    "firebase-admin": "^6.0.0",
    "firebase-functions": "^2.0.5",
    "got": "^7.1.0",
    "request": "^2.88.0"
  },
  "private": true
}
[info] i  functions: ensuring necessary APIs are enabled...
[debug] [2018-09-05T10:10:56.406Z] >>> HTTP REQUEST GET https://servicemanagement.googleapis.com/v1/services/cloudfunctions.googleapis.com/projectSettings/scanrun-5f26e?view=CONSUMER_VIEW  
 
[debug] [2018-09-05T10:10:56.407Z] >>> HTTP REQUEST GET https://servicemanagement.googleapis.com/v1/services/runtimeconfig.googleapis.com/projectSettings/scanrun-5f26e?view=CONSUMER_VIEW  
 
[debug] [2018-09-05T10:10:58.294Z] <<< HTTP RESPONSE 200
[debug] [2018-09-05T10:10:58.355Z] <<< HTTP RESPONSE 200
[info] ✔  functions: all necessary APIs are enabled
[debug] [2018-09-05T10:10:58.356Z] >>> HTTP REQUEST GET https://cloudresourcemanager.googleapis.com/v1/projects/scanrun-5f26e  
 
[debug] [2018-09-05T10:10:59.522Z] <<< HTTP RESPONSE 200
[debug] [2018-09-05T10:10:59.523Z] >>> HTTP REQUEST GET https://mobilesdk-pa.googleapis.com/v1/projects/1068063279277:getServerAppConfig  
 
[debug] [2018-09-05T10:10:59.807Z] <<< HTTP RESPONSE 200
[info] i  functions: preparing functions directory for uploading...
[debug] [2018-09-05T10:10:59.809Z] >>> HTTP REQUEST GET https://runtimeconfig.googleapis.com/v1beta1/projects/scanrun-5f26e/configs  
 
[debug] [2018-09-05T10:11:00.442Z] <<< HTTP RESPONSE 200
[info] i  functions: packaged functions (42.14 KB) for uploading
[debug] [2018-09-05T10:11:00.970Z] >>> HTTP REQUEST POST https://cloudfunctions.googleapis.com/v1/projects/scanrun-5f26e/locations/us-central1/functions:generateUploadUrl  
 
[debug] [2018-09-05T10:11:01.434Z] <<< HTTP RESPONSE 200
[debug] [2018-09-05T10:11:01.435Z] >>> HTTP REQUEST PUT https://storage.googleapis.com/gcf-upload-us-central1-bd0639db-9af2-454d-b77a-f47bf2e32a57/dacb4258-f516-4f02-b190-759fe5fc45a9.zip?GoogleAccessId=service-1068063279277@gcf-admin-robot.iam.gserviceaccount.com&Expires=1536144061&Signature=CEp34c8zRu%2BRCXBDF3KpynTmDDrLuXGPeTPKuaA%2BYegrJDGSJX7Q8wa3E7a8VSb60d9S9%2F%2Fmyi2dyPgdkCRuQ%2FmwpzrpGjFZ7%2B2sLyaL4Fm%2FmBOs7AXoOIfvp2F5CNttybxC00OCCOOTVbWVYAQz97CZov6UbgiKGVv2jJYw2%2BanSr%2BAeNrG12qUWHQ3hsFONUxfrLCo6iRMl4DFfRT%2F8z2L2D2toBl3pF7ybt%2Bv2%2FvBcSV0xzbEedknMr8ih%2Fc9fCjN7TzruSYhe4Z59kcSHXyJwIB65fFUeFnwtviwbmPqTASNFNMQ9gX9EcUnQcpsNLeqJLULVLWUFyqc5mJWpQ%3D%3D  

[debug] [2018-09-05T10:11:02.096Z] <<< HTTP RESPONSE 200
[info] ✔  functions: functions folder uploaded successfully
[debug] [2018-09-05T10:11:02.098Z] >>> HTTP REQUEST GET https://cloudfunctions.googleapis.com/v1/projects/scanrun-5f26e/locations/-/functions  
 
[debug] [2018-09-05T10:11:02.565Z] <<< HTTP RESPONSE 200
[info] i  functions: updating Node.js 6 function autoCreateUser(us-central1)...
[debug] [2018-09-05T10:11:02.567Z] Trigger is:  {"eventTrigger":{"resource":"projects/scanrun-5f26e","eventType":"providers/firebase.auth/eventTypes/user.create","service":"firebaseauth.googleapis.com"}}
[info] i  functions: updating Node.js 6 function autoDeleteUser(us-central1)...
[debug] [2018-09-05T10:11:02.568Z] Trigger is:  {"eventTrigger":{"resource":"projects/scanrun-5f26e","eventType":"providers/firebase.auth/eventTypes/user.delete","service":"firebaseauth.googleapis.com"}}
[info] i  functions: updating Node.js 6 function getProduct(us-central1)...
[debug] [2018-09-05T10:11:02.568Z] Trigger is:  {"httpsTrigger":{}}
[debug] [2018-09-05T10:11:02.570Z] >>> HTTP REQUEST PATCH https://cloudfunctions.googleapis.com/v1/projects/scanrun-5f26e/locations/us-central1/functions/autoCreateUser 
query params: {"updateMask":"sourceUploadUrl,name,labels,eventTrigger.resource,eventTrigger.eventType,eventTrigger.service"} 

[debug] [2018-09-05T10:11:02.572Z] >>> HTTP REQUEST PATCH https://cloudfunctions.googleapis.com/v1/projects/scanrun-5f26e/locations/us-central1/functions/autoDeleteUser 
query params: {"updateMask":"sourceUploadUrl,name,labels,eventTrigger.resource,eventTrigger.eventType,eventTrigger.service"} 

[debug] [2018-09-05T10:11:02.573Z] >>> HTTP REQUEST PATCH https://cloudfunctions.googleapis.com/v1/projects/scanrun-5f26e/locations/us-central1/functions/getProduct 
query params: {"updateMask":"sourceUploadUrl,name,labels,httpsTrigger"} 

[debug] [2018-09-05T10:11:02.944Z] <<< HTTP RESPONSE 200
[debug] [2018-09-05T10:11:02.952Z] <<< HTTP RESPONSE 200
[debug] [2018-09-05T10:11:03.068Z] <<< HTTP RESPONSE 200
[debug] [2018-09-05T10:11:03.069Z] >>> HTTP REQUEST GET https://cloudfunctions.googleapis.com/v1/projects/scanrun-5f26e/locations/-/functions  
 
[debug] [2018-09-05T10:11:03.823Z] <<< HTTP RESPONSE 200
[debug] [2018-09-05T10:11:03.824Z] >>> HTTP REQUEST GET https://cloudfunctions.googleapis.com/v1/operations/c2NhbnJ1bi01ZjI2ZS91cy1jZW50cmFsMS9hdXRvQ3JlYXRlVXNlci9RYzV4RVIyTFZwSQ  
 
[debug] [2018-09-05T10:11:03.825Z] >>> HTTP REQUEST GET https://cloudfunctions.googleapis.com/v1/operations/c2NhbnJ1bi01ZjI2ZS91cy1jZW50cmFsMS9hdXRvRGVsZXRlVXNlci9FMnU1ak5Mb3FIVQ  
 
[debug] [2018-09-05T10:11:03.825Z] >>> HTTP REQUEST GET https://cloudfunctions.googleapis.com/v1/operations/c2NhbnJ1bi01ZjI2ZS91cy1jZW50cmFsMS9nZXRQcm9kdWN0L2EyRFA2S3pmTzVZ  
 
[debug] [2018-09-05T10:11:04.143Z] <<< HTTP RESPONSE 200
[debug] [2018-09-05T10:11:04.145Z] <<< HTTP RESPONSE 200
[debug] [2018-09-05T10:11:04.150Z] <<< HTTP RESPONSE 200
[debug] [2018-09-05T10:11:06.146Z] >>> HTTP REQUEST GET https://cloudfunctions.googleapis.com/v1/operations/c2NhbnJ1bi01ZjI2ZS91cy1jZW50cmFsMS9hdXRvRGVsZXRlVXNlci9FMnU1ak5Mb3FIVQ  
 
[debug] [2018-09-05T10:11:06.147Z] >>> HTTP REQUEST GET https://cloudfunctions.googleapis.com/v1/operations/c2NhbnJ1bi01ZjI2ZS91cy1jZW50cmFsMS9nZXRQcm9kdWN0L2EyRFA2S3pmTzVZ  
 
[debug] [2018-09-05T10:11:06.151Z] >>> HTTP REQUEST GET https://cloudfunctions.googleapis.com/v1/operations/c2NhbnJ1bi01ZjI2ZS91cy1jZW50cmFsMS9hdXRvQ3JlYXRlVXNlci9RYzV4RVIyTFZwSQ  
 
[debug] [2018-09-05T10:11:06.472Z] <<< HTTP RESPONSE 200
[debug] [2018-09-05T10:11:06.477Z] <<< HTTP RESPONSE 200
[debug] [2018-09-05T10:11:06.489Z] <<< HTTP RESPONSE 200
[debug] [2018-09-05T10:11:08.474Z] >>> HTTP REQUEST GET https://cloudfunctions.googleapis.com/v1/operations/c2NhbnJ1bi01ZjI2ZS91cy1jZW50cmFsMS9nZXRQcm9kdWN0L2EyRFA2S3pmTzVZ  
 
[debug] [2018-09-05T10:11:08.477Z] >>> HTTP REQUEST GET https://cloudfunctions.googleapis.com/v1/operations/c2NhbnJ1bi01ZjI2ZS91cy1jZW50cmFsMS9hdXRvQ3JlYXRlVXNlci9RYzV4RVIyTFZwSQ  
 
[debug] [2018-09-05T10:11:08.490Z] >>> HTTP REQUEST GET https://cloudfunctions.googleapis.com/v1/operations/c2NhbnJ1bi01ZjI2ZS91cy1jZW50cmFsMS9hdXRvRGVsZXRlVXNlci9FMnU1ak5Mb3FIVQ  
 
[debug] [2018-09-05T10:11:08.761Z] <<< HTTP RESPONSE 200
[debug] [2018-09-05T10:11:08.772Z] <<< HTTP RESPONSE 200
[debug] [2018-09-05T10:11:08.773Z] <<< HTTP RESPONSE 200
